<?xml version="1.0" encoding="UTF-8"?>
<!-- Generated by org.testng.reporters.JUnitReportReporter -->
<testsuite skipped="0" hostname="DESKTOP-NKO2PM4" name="TestCases.LoginTestCase" tests="1" failures="0" timestamp="2023-06-06T18:17:22 IST" time="11.648" errors="0">
  <testcase name="tc002_login_realemail_validation" time="11.648" classname="TestCases.LoginTestCase"/>
  <system-out/>
</testsuite> <!-- TestCases.LoginTestCase -->
