<?xml version="1.0" encoding="UTF-8"?>
<!-- Generated by org.testng.reporters.JUnitReportReporter -->
<testsuite skipped="0" hostname="DESKTOP-NKO2PM4" name="TestCases.FlightSelectTestCase" tests="1" failures="0" timestamp="2023-06-06T18:17:22 IST" time="7.439" errors="0">
  <testcase name="tc001_flight_booking_Validation_flow" time="7.439" classname="TestCases.FlightSelectTestCase"/>
  <system-out/>
</testsuite> <!-- TestCases.FlightSelectTestCase -->
