<?xml version="1.0" encoding="UTF-8"?>
<!-- Generated by org.testng.reporters.JUnitReportReporter -->
<testsuite skipped="0" hostname="DESKTOP-NKO2PM4" name="TestCases.OneWayTripTestCase" tests="1" failures="0" timestamp="2023-06-06T18:17:22 IST" time="21.584" errors="0">
  <testcase name="tc001_Onewway_Trip_Validation_flow" time="21.584" classname="TestCases.OneWayTripTestCase"/>
  <system-out/>
</testsuite> <!-- TestCases.OneWayTripTestCase -->
