<?xml version="1.0" encoding="UTF-8"?>
<!-- Generated by org.testng.reporters.JUnitReportReporter -->
<testsuite skipped="0" hostname="DESKTOP-NKO2PM4" name="TestCases.ValidateFieldTestCase" tests="1" failures="0" timestamp="2023-06-02T13:47:38 IST" time="2.950" errors="0">
  <testcase name="testField_Validation_Flow" time="2.950" classname="TestCases.ValidateFieldTestCase"/>
  <system-out/>
</testsuite> <!-- TestCases.ValidateFieldTestCase -->
